#
# There is insufficient memory for the Java Runtime Environment to continue.
# Native memory allocation (mmap) failed to map 255852544 bytes for G1 virtual space
# Possible reasons:
#   The system is out of physical RAM or swap space
#   The process is running with CompressedOops enabled, and the Java Heap may be blocking the growth of the native heap
# Possible solutions:
#   Reduce memory load on the system
#   Increase physical memory or swap space
#   Check if swap backing store is full
#   Decrease Java heap size (-Xmx/-Xms)
#   Decrease number of Java threads
#   Decrease Java thread stack sizes (-Xss)
#   Set larger code cache with -XX:ReservedCodeCacheSize=
#   JVM is running with Zero Based Compressed Oops mode in which the Java heap is
#     placed in the first 32GB address space. The Java Heap base address is the
#     maximum limit for the native heap growth. Please use -XX:HeapBaseMinAddress
#     to set the Java Heap base and to place the Java Heap above 32GB virtual address.
# This output file may be truncated or incomplete.
#
#  Out of Memory Error (os_windows.cpp:3557), pid=21204, tid=40636
#
# JRE version:  (17.0.6+10) (build )
# Java VM: OpenJDK 64-Bit Server VM (17.0.6+10, mixed mode, sharing, tiered, compressed oops, compressed class ptrs, g1 gc, windows-amd64)
# No core dump will be written. Minidumps are not enabled by default on client versions of Windows
#

---------------  S U M M A R Y ------------

Command Line: -Dfile.encoding=UTF-8 -XX:+ShowCodeDetailsInExceptionMessages Main.Main

Host: AMD Ryzen 7 6800H with Radeon Graphics         , 16 cores, 15G,  Windows 11 , 64 bit Build 22621 (10.0.22621.1344)
Time: Mon Apr 10 03:40:22 2023 SE Asia Standard Time elapsed time: 0.008931 seconds (0d 0h 0m 0s)

---------------  T H R E A D  ---------------

Current thread (0x00000229302b8c40):  JavaThread "Unknown thread" [_thread_in_vm, id=40636, stack(0x000000cddc500000,0x000000cddc600000)]

Stack: [0x000000cddc500000,0x000000cddc600000]
Native frames: (J=compiled Java code, j=interpreted, Vv=VM code, C=native code)
V  [jvm.dll+0x67741a]
V  [jvm.dll+0x834434]
V  [jvm.dll+0x835bde]
V  [jvm.dll+0x836243]
V  [jvm.dll+0x2457b5]
V  [jvm.dll+0x674329]
V  [jvm.dll+0x6689da]
V  [jvm.dll+0x30489b]
V  [jvm.dll+0x30bd96]
V  [jvm.dll+0x35b57e]
V  [jvm.dll+0x35b7af]
V  [jvm.dll+0x2db778]
V  [jvm.dll+0x2dc6e4]
V  [jvm.dll+0x806131]
V  [jvm.dll+0x369331]
V  [jvm.dll+0x7e56ac]
V  [jvm.dll+0x3eb35f]
V  [jvm.dll+0x3ecea1]
C  [jli.dll+0x5267]
C  [ucrtbase.dll+0x29363]
C  [KERNEL32.DLL+0x126bd]
C  [ntdll.dll+0x5a9f8]


---------------  P R O C E S S  ---------------

Threads class SMR info:
_java_thread_list=0x00007ffd0c645fd8, length=0, elements={
}

Java Threads: ( => current thread )

Other Threads:
  0x0000022930324360 GCTaskThread "GC Thread#0" [stack: 0x000000cddc600000,0x000000cddc700000] [id=43616]
  0x0000022930336eb0 ConcurrentGCThread "G1 Main Marker" [stack: 0x000000cddc700000,0x000000cddc800000] [id=45740]
  0x00000229303377c0 ConcurrentGCThread "G1 Conc#0" [stack: 0x000000cddc800000,0x000000cddc900000] [id=12460]

[error occurred during error reporting (printing all threads), id 0xc0000005, EXCEPTION_ACCESS_VIOLATION (0xc0000005) at pc=0x00007ffd0be1c1e7]

VM state: not at safepoint (not fully initialized)

VM Mutex/Monitor currently owned by a thread:  ([mutex/lock_event])
[0x00000229302b3ba0] Heap_lock - owner thread: 0x00000229302b8c40

Heap address: 0x000000070c000000, size: 3904 MB, Compressed Oops mode: Zero based, Oop shift amount: 3

CDS archive(s) mapped at: [0x0000000000000000-0x0000000000000000-0x0000000000000000), size 0, SharedBaseAddress: 0x0000000800000000, ArchiveRelocationMode: 0.
Narrow klass base: 0x0000000000000000, Narrow klass shift: 0, Narrow klass range: 0x0

GC Precious Log:
<Empty>

Heap:
 garbage-first heap   total 0K, used 0K [0x000000070c000000, 0x0000000800000000)
  region size 2048K, 0 young (0K), 0 survivors (0K)

[error occurred during error reporting (printing heap information), id 0xc0000005, EXCEPTION_ACCESS_VIOLATION (0xc0000005) at pc=0x00007ffd0c2006f9]

GC Heap History (0 events):
No events

Dll operation events (1 events):
Event: 0.006 Loaded shared library C:\Users\Admin\.p2\pool\plugins\org.eclipse.justj.openjdk.hotspot.jre.full.win32.x86_64_17.0.6.v20230204-1729\jre\bin\java.dll

Deoptimization events (0 events):
No events

Classes unloaded (0 events):
No events

Classes redefined (0 events):
No events

Internal exceptions (0 events):
No events

VM Operations (0 events):
No events

Events (0 events):
No events


Dynamic libraries:
0x00007ff6fdbd0000 - 0x00007ff6fdbde000 	C:\Users\Admin\.p2\pool\plugins\org.eclipse.justj.openjdk.hotspot.jre.full.win32.x86_64_17.0.6.v20230204-1729\jre\bin\javaw.exe
0x00007ffdb47b0000 - 0x00007ffdb49c4000 	C:\WINDOWS\SYSTEM32\ntdll.dll
0x00007ffdb33c0000 - 0x00007ffdb3483000 	C:\WINDOWS\System32\KERNEL32.DLL
0x00007ffdb2220000 - 0x00007ffdb25bc000 	C:\WINDOWS\System32\KERNELBASE.dll
0x00007ffdb1c90000 - 0x00007ffdb1da1000 	C:\WINDOWS\System32\ucrtbase.dll
0x00007ffd9ae90000 - 0x00007ffd9aea7000 	C:\Users\Admin\.p2\pool\plugins\org.eclipse.justj.openjdk.hotspot.jre.full.win32.x86_64_17.0.6.v20230204-1729\jre\bin\jli.dll
0x00007ffd9aeb0000 - 0x00007ffd9aec9000 	C:\Users\Admin\.p2\pool\plugins\org.eclipse.justj.openjdk.hotspot.jre.full.win32.x86_64_17.0.6.v20230204-1729\jre\bin\VCRUNTIME140.dll
0x00007ffdb3ec0000 - 0x00007ffdb406d000 	C:\WINDOWS\System32\USER32.dll
0x00007ffdb1bf0000 - 0x00007ffdb1c16000 	C:\WINDOWS\System32\win32u.dll
0x00007ffda8eb0000 - 0x00007ffda913e000 	C:\WINDOWS\WinSxS\amd64_microsoft.windows.common-controls_6595b64144ccf1df_6.0.22621.608_none_a9444ca7c10bb01d\COMCTL32.dll
0x00007ffdb2b80000 - 0x00007ffdb2ba9000 	C:\WINDOWS\System32\GDI32.dll
0x00007ffdb2ac0000 - 0x00007ffdb2b67000 	C:\WINDOWS\System32\msvcrt.dll
0x00007ffdb1f90000 - 0x00007ffdb20a3000 	C:\WINDOWS\System32\gdi32full.dll
0x00007ffdb1db0000 - 0x00007ffdb1e4a000 	C:\WINDOWS\System32\msvcp_win.dll
0x00007ffdb32f0000 - 0x00007ffdb3321000 	C:\WINDOWS\System32\IMM32.DLL
0x00007ffda1060000 - 0x00007ffda106c000 	C:\Users\Admin\.p2\pool\plugins\org.eclipse.justj.openjdk.hotspot.jre.full.win32.x86_64_17.0.6.v20230204-1729\jre\bin\vcruntime140_1.dll
0x00007ffd5f1d0000 - 0x00007ffd5f261000 	C:\Users\Admin\.p2\pool\plugins\org.eclipse.justj.openjdk.hotspot.jre.full.win32.x86_64_17.0.6.v20230204-1729\jre\bin\msvcp140.dll
0x00007ffd0bb30000 - 0x00007ffd0c777000 	C:\Users\Admin\.p2\pool\plugins\org.eclipse.justj.openjdk.hotspot.jre.full.win32.x86_64_17.0.6.v20230204-1729\jre\bin\server\jvm.dll
0x00007ffdb46c0000 - 0x00007ffdb476e000 	C:\WINDOWS\System32\ADVAPI32.dll
0x00007ffdb25c0000 - 0x00007ffdb2664000 	C:\WINDOWS\System32\sechost.dll
0x00007ffdb31d0000 - 0x00007ffdb32e5000 	C:\WINDOWS\System32\RPCRT4.dll
0x00007ffd7cbf0000 - 0x00007ffd7cbf9000 	C:\WINDOWS\SYSTEM32\WSOCK32.dll
0x00007ffda9140000 - 0x00007ffda9174000 	C:\WINDOWS\SYSTEM32\WINMM.dll
0x00007ffda94b0000 - 0x00007ffda94ba000 	C:\WINDOWS\SYSTEM32\VERSION.dll
0x00007ffdb3340000 - 0x00007ffdb33b1000 	C:\WINDOWS\System32\WS2_32.dll
0x00007ffdb0c40000 - 0x00007ffdb0c58000 	C:\WINDOWS\SYSTEM32\kernel.appcore.dll
0x00007ffda9530000 - 0x00007ffda953a000 	C:\Users\Admin\.p2\pool\plugins\org.eclipse.justj.openjdk.hotspot.jre.full.win32.x86_64_17.0.6.v20230204-1729\jre\bin\jimage.dll
0x00007ffda7b10000 - 0x00007ffda7d3e000 	C:\WINDOWS\SYSTEM32\DBGHELP.DLL
0x00007ffdb2bb0000 - 0x00007ffdb2f39000 	C:\WINDOWS\System32\combase.dll
0x00007ffdb2980000 - 0x00007ffdb2a57000 	C:\WINDOWS\System32\OLEAUT32.dll
0x00007ffda7990000 - 0x00007ffda79c2000 	C:\WINDOWS\SYSTEM32\dbgcore.DLL
0x00007ffdb1f10000 - 0x00007ffdb1f8b000 	C:\WINDOWS\System32\bcryptPrimitives.dll
0x00007ffda2af0000 - 0x00007ffda2b15000 	C:\Users\Admin\.p2\pool\plugins\org.eclipse.justj.openjdk.hotspot.jre.full.win32.x86_64_17.0.6.v20230204-1729\jre\bin\java.dll

dbghelp: loaded successfully - version: 4.0.5 - missing functions: none
symbol engine: initialized successfully - sym options: 0x614 - pdb path: .;C:\Users\Admin\.p2\pool\plugins\org.eclipse.justj.openjdk.hotspot.jre.full.win32.x86_64_17.0.6.v20230204-1729\jre\bin;C:\WINDOWS\SYSTEM32;C:\WINDOWS\WinSxS\amd64_microsoft.windows.common-controls_6595b64144ccf1df_6.0.22621.608_none_a9444ca7c10bb01d;C:\Users\Admin\.p2\pool\plugins\org.eclipse.justj.openjdk.hotspot.jre.full.win32.x86_64_17.0.6.v20230204-1729\jre\bin\server

VM Arguments:
jvm_args: -Dfile.encoding=UTF-8 -XX:+ShowCodeDetailsInExceptionMessages 
java_command: Main.Main
java_class_path (initial): C:\Users\Admin\eclipse-workspace\NewOOAD\bin;C:\Users\Admin\eclipse-workspace\NewOOAD\Libs\mssql-jdbc-12.2.0.jre8.jar;C:\Users\Admin\eclipse-workspace\NewOOAD\Libs\jcalendar-1.4.jar
Launcher Type: SUN_STANDARD

[Global flags]
     intx CICompilerCount                          = 12                                        {product} {ergonomic}
     uint ConcGCThreads                            = 3                                         {product} {ergonomic}
     uint G1ConcRefinementThreads                  = 13                                        {product} {ergonomic}
   size_t G1HeapRegionSize                         = 2097152                                   {product} {ergonomic}
    uintx GCDrainStackTargetSize                   = 64                                        {product} {ergonomic}
   size_t InitialHeapSize                          = 255852544                                 {product} {ergonomic}
   size_t MarkStackSize                            = 4194304                                   {product} {ergonomic}
   size_t MaxHeapSize                              = 4093640704                                {product} {ergonomic}
   size_t MinHeapDeltaBytes                        = 2097152                                   {product} {ergonomic}
   size_t MinHeapSize                              = 8388608                                   {product} {ergonomic}
    uintx NonNMethodCodeHeapSize                   = 7602480                                {pd product} {ergonomic}
    uintx NonProfiledCodeHeapSize                  = 122027880                              {pd product} {ergonomic}
    uintx ProfiledCodeHeapSize                     = 122027880                              {pd product} {ergonomic}
    uintx ReservedCodeCacheSize                    = 251658240                              {pd product} {ergonomic}
     bool SegmentedCodeCache                       = true                                      {product} {ergonomic}
     bool ShowCodeDetailsInExceptionMessages       = true                                   {manageable} {command line}
   size_t SoftMaxHeapSize                          = 4093640704                             {manageable} {ergonomic}
     bool UseCompressedClassPointers               = true                           {product lp64_product} {ergonomic}
     bool UseCompressedOops                        = true                           {product lp64_product} {ergonomic}
     bool UseG1GC                                  = true                                      {product} {ergonomic}
     bool UseLargePagesIndividualAllocation        = false                                  {pd product} {ergonomic}

Logging:
Log output configuration:
 #0: stdout all=warning uptime,level,tags
 #1: stderr all=off uptime,level,tags

Environment Variables:
PATH=C:/Users/Admin/.p2/pool/plugins/org.eclipse.justj.openjdk.hotspot.jre.full.win32.x86_64_17.0.6.v20230204-1729/jre/bin/server;C:/Users/Admin/.p2/pool/plugins/org.eclipse.justj.openjdk.hotspot.jre.full.win32.x86_64_17.0.6.v20230204-1729/jre/bin;C:\Windows\system32;C:\Windows;C:\Windows\System32\Wbem;C:\Windows\System32\WindowsPowerShell\v1.0\;C:\Windows\System32\OpenSSH\;C:\Program Files (x86)\NVIDIA Corporation\PhysX\Common;C:\Program Files\NVIDIA Corporation\NVIDIA NvDLISR;C:\TDM-GCC-64\bin;C:\Users\Admin\AppData\Local\Programs\Python\Python310;C:\Program Files\dotnet\;C:\Program Files\Microsoft SQL Server\Client SDK\ODBC\170\Tools\Binn\;C:\Program Files (x86)\Microsoft SQL Server\150\Tools\Binn\;C:\Program Files\Microsoft SQL Server\150\Tools\Binn\;C:\Program Files\Microsoft SQL Server\150\DTS\Binn\;C:\Program Files (x86)\Microsoft SQL Server\150\DTS\Binn\;C:\Program Files\Azure Data Studio\bin;C:\TDM-GCC-32\bin;C:\MinGW\bin;C:\Program Files\Git\cmd;C:\WINDOWS\system32;C:\WINDOWS;C:\WINDOWS\System32\Wbem;C:\WINDOWS\System32\WindowsPowerShell\v1.0\;C:\WINDOWS\System32\OpenSSH\;C:\Users\Admin\AppData\Local\Programs\Python\Python310\Scripts\;C:\Users\Admin\AppData\Local\Programs\Python\Python310\;C:\Users\Admin\anaconda3\New folder;C:\Users\Admin\anaconda3\New folder\Library\mingw-w64\bin;C:\Users\Admin\anaconda3\New folder\Library\usr\bin;C:\Users\Admin\anaconda3\New folder\Library\bin;C:\Users\Admin\anaconda3\New folder\Scripts;C:\Users\Admin\AppData\Local\Microsoft\WindowsApps;C:\MinGW\mingw32\bin;C:\Users\Admin\AppData\Local\Programs\Python\Python310;C:\Users\Admin\AppData\Local\Programs\Python\Python310\Scripts;C:\Program Files\Azure Data Studio\bin;C:\Users\Admin\AppData\Local\Programs\Microsoft VS Code\bin;C:\Users\Admin\.dotnet\tools;C:\Users\Admin\AppData\Local\GitHubDesktop\bin;C:\WINDOWS\System32;
USERNAME=Admin
OS=Windows_NT
PROCESSOR_IDENTIFIER=AMD64 Family 25 Model 68 Stepping 1, AuthenticAMD
TMP=C:\Users\Admin\AppData\Local\Temp
TEMP=C:\Users\Admin\AppData\Local\Temp



---------------  S Y S T E M  ---------------

OS:
 Windows 11 , 64 bit Build 22621 (10.0.22621.1344)
OS uptime: 0 days 16:31 hours

CPU: total 16 (initial active 16) (16 cores per cpu, 2 threads per core) family 25 model 68 stepping 1 microcode 0x0, cx8, cmov, fxsr, ht, mmx, 3dnowpref, sse, sse2, sse3, ssse3, sse4a, sse4.1, sse4.2, popcnt, lzcnt, tsc, tscinvbit, avx, avx2, aes, clmul, bmi1, bmi2, adx, sha, fma, vzeroupper, clflush, clflushopt

Memory: 4k page, system-wide physical 15613M (2768M free)
TotalPageFile size 36588M (AvailPageFile size 19M)
current process WorkingSet (physical memory assigned to process): 11M, peak: 11M
current process commit charge ("private bytes"): 70M, peak: 314M

vm_info: OpenJDK 64-Bit Server VM (17.0.6+10) for windows-amd64 JRE (17.0.6+10), built on Jan 18 2023 10:08:59 by "temurin" with MS VC++ 16.7 (VS2019)

END.
